[2025-07-20 17:20:37] [INFO] [logger.go:190] === Torrent Streamer Starting ===
[2025-07-20 17:25:10] [INFO] [logger.go:190] === Torrent Streamer Starting ===
[2025-07-20 17:25:10] [ERROR] [logger.go:198] Torrent client initialized successfully
[2025-07-20 17:25:10] [ERROR] [logger.go:198] Template initialized successfully
[2025-07-20 17:25:10] [ERROR] [logger.go:198] HTTP routes configured
[2025-07-20 17:25:10] [ERROR] [logger.go:198] Server starting on http://localhost:8080
[2025-07-20 17:25:35] [INFO] [logger.go:190] === Torrent Streamer Starting ===
[2025-07-20 17:25:35] [ERROR] [logger.go:198] Torrent client initialized successfully
[2025-07-20 17:25:35] [ERROR] [logger.go:198] Template initialized successfully
[2025-07-20 17:25:35] [ERROR] [logger.go:198] HTTP routes configured
[2025-07-20 17:25:35] [ERROR] [logger.go:198] Server starting on http://localhost:8080
[2025-07-20 17:26:05] [ERROR] [logger.go:198] Application startup successful
[2025-07-20 17:28:39] [INFO] [logger.go:190] === Torrent Streamer Starting ===
[2025-07-20 17:28:39] [ERROR] [logger.go:198] Torrent client initialized successfully
[2025-07-20 17:28:39] [INFO] [logger.go:190] Template initialized successfully
[2025-07-20 17:28:39] [INFO] [logger.go:190] HTTP routes configured
[2025-07-20 17:28:39] [INFO] [logger.go:190] Server starting on http://localhost:8080
[2025-07-20 17:29:09] [INFO] [logger.go:190] Application startup successful
[2025-07-20 17:29:24] [INFO] [logger.go:190] === Torrent Streamer Starting ===
[2025-07-20 17:29:24] [ERROR] [logger.go:198] Torrent client initialized successfully
[2025-07-20 17:29:24] [INFO] [logger.go:190] Template initialized successfully
[2025-07-20 17:29:24] [INFO] [logger.go:190] HTTP routes configured
[2025-07-20 17:29:24] [INFO] [logger.go:190] Server starting on http://localhost:8080
[2025-07-20 17:29:54] [INFO] [logger.go:190] Application startup successful
[2025-07-20 17:38:55] [INFO] [logger.go:190] === Torrent Streamer Starting ===
[2025-07-20 17:38:55] [INFO] [logger.go:190] Torrent client initialized successfully
[2025-07-20 17:38:55] [INFO] [logger.go:190] Template initialized successfully
[2025-07-20 17:38:55] [INFO] [logger.go:190] HTTP routes configured
[2025-07-20 17:38:55] [INFO] [logger.go:190] Server starting on http://localhost:8080
[2025-07-20 17:39:01] [INFO] [logger.go:190] Starting stream for magnet: magnet:?xt=urn:btih:C30D11150EAB0BB6EBA1C7F84425DC... (IP: ::1)
[2025-07-20 17:39:01] [INFO] [logger.go:190] Torrent added, waiting for info...
[2025-07-20 17:39:08] [INFO] [logger.go:190] Got torrent info: How To Train Your Dragon (2025) [720p] [WEBRip] [YTS.MX]
[2025-07-20 17:39:09] [INFO] [logger.go:190] Found video file: How To Train Your Dragon (2025) [720p] [WEBRip] [YTS.MX]/How.To.Train.Your.Dragon.2025.720p.WEBRip.x264.AAC-[YTS.MX].mp4 (1160.41 MB)
[2025-07-20 17:39:09] [INFO] [logger.go:190] Stream ready for: How To Train Your Dragon (2025) [720p] [WEBRip] [YTS.MX] (5 subtitles found)
[2025-07-20 17:39:25] [INFO] [logger.go:190] Application startup successful
[2025-07-20 18:01:34] [INFO] [logger.go:190] Starting stream for magnet: https://torrent-streamer-ycml.onrender.com/ (IP: 102.213.68.198)
[2025-07-20 18:01:34] [ERROR] [logger.go:198] Error adding magnet: unexpected scheme "https"
[2025-07-20 18:01:40] [INFO] [logger.go:190] Starting stream for magnet: magnet:?xt=urn:btih:C30D11150EAB0BB6EBA1C7F84425DC... (IP: 102.213.68.198)
[2025-07-20 18:01:40] [INFO] [logger.go:190] Torrent added, waiting for info...
[2025-07-20 18:01:40] [INFO] [logger.go:190] Got torrent info: How To Train Your Dragon (2025) [720p] [WEBRip] [YTS.MX]
[2025-07-20 18:01:40] [INFO] [logger.go:190] Found video file: How To Train Your Dragon (2025) [720p] [WEBRip] [YTS.MX]/How.To.Train.Your.Dragon.2025.720p.WEBRip.x264.AAC-[YTS.MX].mp4 (1160.41 MB)
[2025-07-20 18:01:40] [INFO] [logger.go:190] Stream ready for: How To Train Your Dragon (2025) [720p] [WEBRip] [YTS.MX] (5 subtitles found)
[2025-07-20 18:06:30] [INFO] [logger.go:190] === Torrent Streamer Starting ===
[2025-07-20 18:06:30] [INFO] [logger.go:190] Torrent client initialized successfully
[2025-07-20 18:06:30] [INFO] [logger.go:190] Template initialized successfully
[2025-07-20 18:06:30] [INFO] [logger.go:190] HTTP routes configured
[2025-07-20 18:06:30] [INFO] [logger.go:190] Server starting on http://localhost:8080
[2025-07-20 18:07:00] [INFO] [logger.go:190] Application startup successful
[2025-07-20 18:16:03] [INFO] [logger.go:190] === Torrent Streamer Starting ===
[2025-07-20 18:16:03] [INFO] [logger.go:190] Torrent client initialized successfully
[2025-07-20 18:16:03] [INFO] [logger.go:190] Template initialized successfully
[2025-07-20 18:16:03] [INFO] [logger.go:190] HTTP routes configured
[2025-07-20 18:16:03] [INFO] [logger.go:190] Server starting on http://localhost:8080
[2025-07-20 18:16:33] [INFO] [logger.go:190] Application startup successful
[2025-07-20 18:26:00] [INFO] [logger.go:190] === Torrent Streamer Starting ===
[2025-07-20 18:26:00] [INFO] [logger.go:190] Torrent client initialized successfully
[2025-07-20 18:26:00] [INFO] [logger.go:190] Template initialized successfully
[2025-07-20 18:26:00] [INFO] [logger.go:190] HTTP routes configured
[2025-07-20 18:26:00] [INFO] [logger.go:190] Server starting on http://localhost:8080
[2025-07-20 18:26:13] [INFO] [logger.go:190] Starting stream for magnet: magnet:?xt=urn:btih:C30D11150EAB0BB6EBA1C7F84425DC... (IP: ::1)
[2025-07-20 18:26:13] [INFO] [logger.go:190] Torrent added, waiting for info...
[2025-07-20 18:26:20] [INFO] [logger.go:190] Got torrent info: How To Train Your Dragon (2025) [720p] [WEBRip] [YTS.MX]
[2025-07-20 18:26:20] [INFO] [logger.go:190] Found video file: How To Train Your Dragon (2025) [720p] [WEBRip] [YTS.MX]/How.To.Train.Your.Dragon.2025.720p.WEBRip.x264.AAC-[YTS.MX].mp4 (1160.41 MB)
[2025-07-20 18:26:20] [INFO] [logger.go:190] Stream ready for: How To Train Your Dragon (2025) [720p] [WEBRip] [YTS.MX] (5 subtitles found)
[2025-07-20 18:26:30] [INFO] [logger.go:190] Application startup successful
[2025-07-21 14:42:29] [INFO] [logger.go:190] === Torrent Streamer API Starting ===
[2025-07-21 14:42:29] [INFO] [logger.go:190] Torrent client initialized successfully
[2025-07-21 14:42:29] [INFO] [logger.go:190] HTTP routes configured successfully
[2025-07-21 14:42:29] [INFO] [logger.go:190] All necessary directories created
[2025-07-21 14:42:29] [INFO] [logger.go:190] API Server starting on http://localhost:8080
[2025-07-21 14:42:59] [INFO] [logger.go:190] Application startup successful
[2025-07-21 14:44:20] [INFO] [logger.go:190] Starting stream for magnet: magnet:?xt=urn:btih:C30D11150EAB0BB6EBA1C7F84425DC... (Session: e5464ea2-69e4-4eda-b347-ad0ca67aec50)
[2025-07-21 14:44:20] [INFO] [logger.go:190] Torrent added, waiting for info...
[2025-07-21 14:44:30] [INFO] [logger.go:190] Got torrent info: How To Train Your Dragon (2025) [720p] [WEBRip] [YTS.MX]
[2025-07-21 14:44:30] [INFO] [logger.go:190] Found video file: How To Train Your Dragon (2025) [720p] [WEBRip] [YTS.MX]/How.To.Train.Your.Dragon.2025.720p.WEBRip.x264.AAC-[YTS.MX].mp4 (1160.41 MB)
[2025-07-21 14:44:30] [INFO] [logger.go:190] Stream ready for: How To Train Your Dragon (2025) [720p] [WEBRip] [YTS.MX] (5 subtitles found)
[2025-07-21 14:48:46] [INFO] [logger.go:190] === Torrent Streamer API Starting ===
[2025-07-21 14:48:46] [INFO] [logger.go:190] Torrent client initialized successfully
[2025-07-21 14:48:46] [INFO] [logger.go:190] HTTP routes configured successfully
[2025-07-21 14:48:46] [INFO] [logger.go:190] All necessary directories created
[2025-07-21 14:48:46] [INFO] [logger.go:190] API Server starting on http://localhost:8080
[2025-07-21 14:48:59] [INFO] [logger.go:190] Starting stream for magnet: magnet:?xt=urn:btih:C30D11150EAB0BB6EBA1C7F84425DC... (Session: e5464ea2-69e4-4eda-b347-ad0ca67aec50)
[2025-07-21 14:48:59] [INFO] [logger.go:190] Torrent added, waiting for info...
[2025-07-21 14:49:06] [INFO] [logger.go:190] Got torrent info: How To Train Your Dragon (2025) [720p] [WEBRip] [YTS.MX]
[2025-07-21 14:49:06] [INFO] [logger.go:190] Found video file: How To Train Your Dragon (2025) [720p] [WEBRip] [YTS.MX]/How.To.Train.Your.Dragon.2025.720p.WEBRip.x264.AAC-[YTS.MX].mp4 (1160.41 MB)
[2025-07-21 14:49:06] [INFO] [logger.go:190] Stream ready for: How To Train Your Dragon (2025) [720p] [WEBRip] [YTS.MX] (5 subtitles found)
[2025-07-21 14:49:16] [INFO] [logger.go:190] Application startup successful
[2025-07-21 14:53:37] [INFO] [logger.go:190] === Torrent Streamer API Starting ===
[2025-07-21 14:53:37] [INFO] [logger.go:190] Torrent client initialized successfully
[2025-07-21 14:53:37] [INFO] [logger.go:190] HTTP routes configured successfully
[2025-07-21 14:53:37] [INFO] [logger.go:190] All necessary directories created
[2025-07-21 14:53:37] [INFO] [logger.go:190] API Server starting on http://localhost:8080
[2025-07-21 14:53:47] [INFO] [logger.go:190] Starting stream for magnet: magnet:?xt=urn:btih:C30D11150EAB0BB6EBA1C7F84425DC... (Session: e5464ea2-69e4-4eda-b347-ad0ca67aec50)
[2025-07-21 14:53:47] [INFO] [logger.go:190] Torrent added, waiting for info...
[2025-07-21 14:53:52] [INFO] [logger.go:190] Got torrent info: How To Train Your Dragon (2025) [720p] [WEBRip] [YTS.MX]
[2025-07-21 14:53:52] [INFO] [logger.go:190] Found video file: How To Train Your Dragon (2025) [720p] [WEBRip] [YTS.MX]/How.To.Train.Your.Dragon.2025.720p.WEBRip.x264.AAC-[YTS.MX].mp4 (1160.41 MB)
[2025-07-21 14:53:52] [INFO] [logger.go:190] Stream ready for: How To Train Your Dragon (2025) [720p] [WEBRip] [YTS.MX] (5 subtitles found)
[2025-07-21 14:54:07] [INFO] [logger.go:190] Application startup successful
[2025-07-21 14:58:19] [INFO] [logger.go:190] === Torrent Streamer API Starting ===
[2025-07-21 14:58:19] [INFO] [logger.go:190] Torrent client initialized successfully
[2025-07-21 14:58:19] [INFO] [logger.go:190] HTTP routes configured successfully
[2025-07-21 14:58:19] [INFO] [logger.go:190] All necessary directories created
[2025-07-21 14:58:19] [INFO] [logger.go:190] API Server starting on http://localhost:8080
[2025-07-21 14:58:32] [INFO] [logger.go:190] Starting stream for magnet: magnet:?xt=urn:btih:C30D11150EAB0BB6EBA1C7F84425DC... (Session: e5464ea2-69e4-4eda-b347-ad0ca67aec50)
[2025-07-21 14:58:32] [INFO] [logger.go:190] Torrent added, waiting for info...
[2025-07-21 14:58:41] [INFO] [logger.go:190] Got torrent info: How To Train Your Dragon (2025) [720p] [WEBRip] [YTS.MX]
[2025-07-21 14:58:41] [INFO] [logger.go:190] Found video file: How To Train Your Dragon (2025) [720p] [WEBRip] [YTS.MX]/How.To.Train.Your.Dragon.2025.720p.WEBRip.x264.AAC-[YTS.MX].mp4 (1160.41 MB)
[2025-07-21 14:58:41] [INFO] [logger.go:190] Stream ready for: How To Train Your Dragon (2025) [720p] [WEBRip] [YTS.MX] (5 subtitles found)
[2025-07-21 14:58:44] [INFO] [logger.go:190] Dropped torrent for session reset: e5464ea2-69e4-4eda-b347-ad0ca67aec50
[2025-07-21 14:58:44] [INFO] [logger.go:190] Session reset: e5464ea2-69e4-4eda-b347-ad0ca67aec50
[2025-07-21 14:58:49] [INFO] [logger.go:190] Application startup successful
[2025-07-21 14:58:53] [INFO] [logger.go:190] Session reset: 8bd2a581-f3cb-4035-8a21-c2a977e560b4
[2025-07-21 15:00:32] [WARN] [logger.go:194] Video request for non-existent session: e5464ea2-69e4-4eda-b347-ad0ca67aec50
[2025-07-21 15:00:43] [INFO] [logger.go:190] Starting stream for magnet: magnet:?xt=urn:btih:C30D11150EAB0BB6EBA1C7F84425DC... (Session: 57c3c15a-0dbf-485b-b673-299c0e789b92)
[2025-07-21 15:00:43] [INFO] [logger.go:190] Torrent added, waiting for info...
[2025-07-21 15:01:02] [INFO] [logger.go:190] Got torrent info: How To Train Your Dragon (2025) [720p] [WEBRip] [YTS.MX]
[2025-07-21 15:01:02] [INFO] [logger.go:190] Found video file: How To Train Your Dragon (2025) [720p] [WEBRip] [YTS.MX]/How.To.Train.Your.Dragon.2025.720p.WEBRip.x264.AAC-[YTS.MX].mp4 (1160.41 MB)
[2025-07-21 15:01:02] [INFO] [logger.go:190] Stream ready for: How To Train Your Dragon (2025) [720p] [WEBRip] [YTS.MX] (5 subtitles found)
[2025-07-21 15:03:31] [INFO] [logger.go:190] === Torrent Streamer API Starting ===
[2025-07-21 15:03:31] [INFO] [logger.go:190] Torrent client initialized successfully
[2025-07-21 15:03:31] [INFO] [logger.go:190] HTTP routes configured successfully
[2025-07-21 15:03:31] [INFO] [logger.go:190] All necessary directories created
[2025-07-21 15:03:31] [INFO] [logger.go:190] API Server starting on http://localhost:8080
[2025-07-21 15:03:54] [INFO] [logger.go:190] Starting stream for magnet: magnet:?xt=urn:btih:C30D11150EAB0BB6EBA1C7F84425DC... (Session: 57c3c15a-0dbf-485b-b673-299c0e789b92)
[2025-07-21 15:03:54] [INFO] [logger.go:190] Torrent added, waiting for info...
[2025-07-21 15:04:01] [INFO] [logger.go:190] Application startup successful
[2025-07-21 15:04:04] [INFO] [logger.go:190] Got torrent info: How To Train Your Dragon (2025) [720p] [WEBRip] [YTS.MX]
[2025-07-21 15:04:04] [INFO] [logger.go:190] Found video file: How To Train Your Dragon (2025) [720p] [WEBRip] [YTS.MX]/How.To.Train.Your.Dragon.2025.720p.WEBRip.x264.AAC-[YTS.MX].mp4 (1160.41 MB)
[2025-07-21 15:04:04] [INFO] [logger.go:190] Stream ready for: How To Train Your Dragon (2025) [720p] [WEBRip] [YTS.MX] (5 subtitles found)
[2025-07-21 15:04:35] [INFO] [logger.go:190] Dropped torrent for session reset: 57c3c15a-0dbf-485b-b673-299c0e789b92
[2025-07-21 15:04:35] [INFO] [logger.go:190] Session reset: 57c3c15a-0dbf-485b-b673-299c0e789b92
[2025-07-21 15:05:55] [WARN] [logger.go:194] Video request for non-existent session: 57c3c15a-0dbf-485b-b673-299c0e789b92
[2025-07-21 15:06:07] [INFO] [logger.go:190] Starting stream for magnet: magnet:?xt=urn:btih:C30D11150EAB0BB6EBA1C7F84425DC... (Session: 7b84f4c1-9a0e-4eb5-83be-5b6120c84fc1)
[2025-07-21 15:06:07] [INFO] [logger.go:190] Torrent added, waiting for info...
[2025-07-21 15:06:29] [INFO] [logger.go:190] Got torrent info: How To Train Your Dragon (2025) [720p] [WEBRip] [YTS.MX]
[2025-07-21 15:06:29] [INFO] [logger.go:190] Found video file: How To Train Your Dragon (2025) [720p] [WEBRip] [YTS.MX]/How.To.Train.Your.Dragon.2025.720p.WEBRip.x264.AAC-[YTS.MX].mp4 (1160.41 MB)
[2025-07-21 15:06:29] [INFO] [logger.go:190] Stream ready for: How To Train Your Dragon (2025) [720p] [WEBRip] [YTS.MX] (5 subtitles found)
[2025-07-21 15:11:00] [INFO] [logger.go:190] === Torrent Streamer API Starting ===
[2025-07-21 15:11:00] [INFO] [logger.go:190] Torrent client initialized successfully
[2025-07-21 15:11:00] [INFO] [logger.go:190] HTTP routes configured successfully
[2025-07-21 15:11:00] [INFO] [logger.go:190] All necessary directories created
[2025-07-21 15:11:00] [INFO] [logger.go:190] API Server starting on http://localhost:8080
[2025-07-21 15:11:30] [INFO] [logger.go:190] Application startup successful
[2025-07-21 15:12:01] [WARN] [logger.go:194] Video request but no file available for session: 7b84f4c1-9a0e-4eb5-83be-5b6120c84fc1
[2025-07-21 15:12:11] [INFO] [logger.go:190] Session reset: 7b84f4c1-9a0e-4eb5-83be-5b6120c84fc1
[2025-07-21 15:12:38] [INFO] [logger.go:190] Starting stream for magnet: magnet:?xt=urn:btih:C30D11150EAB0BB6EBA1C7F84425DC... (Session: 5b617f47-57b6-4962-b301-b6febd988714)
[2025-07-21 15:12:38] [INFO] [logger.go:190] Torrent added, waiting for info...
[2025-07-21 15:12:42] [INFO] [logger.go:190] Got torrent info: How To Train Your Dragon (2025) [720p] [WEBRip] [YTS.MX]
[2025-07-21 15:12:42] [INFO] [logger.go:190] Found video file: How To Train Your Dragon (2025) [720p] [WEBRip] [YTS.MX]/How.To.Train.Your.Dragon.2025.720p.WEBRip.x264.AAC-[YTS.MX].mp4 (1160.41 MB)
[2025-07-21 15:12:42] [INFO] [logger.go:190] Stream ready for: How To Train Your Dragon (2025) [720p] [WEBRip] [YTS.MX] (5 subtitles found)
[2025-07-21 15:19:58] [INFO] [logger.go:190] Dropped torrent for session reset: 5b617f47-57b6-4962-b301-b6febd988714
[2025-07-21 15:19:58] [INFO] [logger.go:190] Session reset: 5b617f47-57b6-4962-b301-b6febd988714
[2025-07-21 15:20:54] [INFO] [logger.go:190] Starting stream for magnet: magnet:?xt=urn:btih:AC418DB33FA5CEA4FAB11BC58008FE... (Session: 40788dbc-6bf8-4fbc-ad0a-d30f1db04eb7)
[2025-07-21 15:20:54] [INFO] [logger.go:190] Torrent added, waiting for info...
[2025-07-21 15:21:00] [INFO] [logger.go:190] Got torrent info: The Shawshank Redemption (1994)
[2025-07-21 15:21:00] [INFO] [logger.go:190] Found video file: The Shawshank Redemption (1994)/The Shawshank Redemption 1994.720p.BRRip.x264.YIFY.mp4 (848.96 MB)
[2025-07-21 15:21:00] [INFO] [logger.go:190] Stream ready for: The Shawshank Redemption (1994) (1 subtitles found)
[2025-07-21 15:21:00] [INFO] [logger.go:190] Starting stream for magnet: magnet:?xt=urn:btih:AC418DB33FA5CEA4FAB11BC58008FE... (Session: 40788dbc-6bf8-4fbc-ad0a-d30f1db04eb7)
[2025-07-21 15:21:00] [INFO] [logger.go:190] Torrent added, waiting for info...
[2025-07-21 15:21:08] [INFO] [logger.go:190] === Torrent Streamer API Starting ===
[2025-07-21 15:21:08] [INFO] [logger.go:190] Torrent client initialized successfully
[2025-07-21 15:21:08] [INFO] [logger.go:190] HTTP routes configured successfully
[2025-07-21 15:21:08] [INFO] [logger.go:190] All necessary directories created
[2025-07-21 15:21:08] [INFO] [logger.go:190] API Server starting on http://localhost:8080
[2025-07-21 15:21:18] [INFO] [logger.go:190] Starting stream for magnet: magnet:?xt=urn:btih:C30D11150EAB0BB6EBA1C7F84425DC... (Session: 40788dbc-6bf8-4fbc-ad0a-d30f1db04eb7)
[2025-07-21 15:21:18] [INFO] [logger.go:190] Torrent added, waiting for info...
[2025-07-21 15:21:21] [INFO] [logger.go:190] Got torrent info: How To Train Your Dragon (2025) [720p] [WEBRip] [YTS.MX]
[2025-07-21 15:21:21] [INFO] [logger.go:190] Found video file: How To Train Your Dragon (2025) [720p] [WEBRip] [YTS.MX]/How.To.Train.Your.Dragon.2025.720p.WEBRip.x264.AAC-[YTS.MX].mp4 (1160.41 MB)
[2025-07-21 15:21:21] [INFO] [logger.go:190] Stream ready for: How To Train Your Dragon (2025) [720p] [WEBRip] [YTS.MX] (5 subtitles found)
[2025-07-21 15:21:23] [INFO] [logger.go:190] Starting stream for magnet: magnet:?xt=urn:btih:c30d11150eab0bb6eba1c7f84425dc... (Session: 40788dbc-6bf8-4fbc-ad0a-d30f1db04eb7)
[2025-07-21 15:21:23] [INFO] [logger.go:190] Torrent added, waiting for info...
[2025-07-21 15:21:33] [INFO] [logger.go:190] Got torrent info: How To Train Your Dragon (2025) [720p] [WEBRip] [YTS.MX]
[2025-07-21 15:21:33] [INFO] [logger.go:190] Found video file: How To Train Your Dragon (2025) [720p] [WEBRip] [YTS.MX]/How.To.Train.Your.Dragon.2025.720p.WEBRip.x264.AAC-[YTS.MX].mp4 (1160.41 MB)
[2025-07-21 15:21:33] [INFO] [logger.go:190] Stream ready for: How To Train Your Dragon (2025) [720p] [WEBRip] [YTS.MX] (5 subtitles found)
[2025-07-21 15:21:38] [INFO] [logger.go:190] Application startup successful
[2025-07-21 15:22:49] [INFO] [logger.go:190] Starting stream for magnet: magnet:?xt=urn:btih:c30d11150eab0bb6ebay1c7f84425d... (Session: 40788dbc-6bf8-4fbc-ad0a-d30f1db04eb7)
[2025-07-21 15:22:49] [ERROR] [logger.go:198] Error adding magnet: error parsing infohash "c30d11150eab0bb6ebay1c7f84425dc29802d4656": unhandled xt parameter encoding (encoded length 41)
[2025-07-21 15:23:04] [INFO] [logger.go:190] Starting stream for magnet: magnet:?xt=urn:btih:c30d11150eab0bb6ebay1c7f84425d... (Session: 40788dbc-6bf8-4fbc-ad0a-d30f1db04eb7)
[2025-07-21 15:23:04] [ERROR] [logger.go:198] Error adding magnet: error parsing infohash "c30d11150eab0bb6ebay1c7f84425dc29802d4656": unhandled xt parameter encoding (encoded length 41)
[2025-07-21 15:23:12] [WARN] [logger.go:194] Video request but no file available for session: 40788dbc-6bf8-4fbc-ad0a-d30f1db04eb7
[2025-07-21 15:24:52] [INFO] [logger.go:190] Starting stream for magnet: magnet:?xt=urn:btih:C30D11150EAB0BB6EBA1C7F84425DC... (Session: 40788dbc-6bf8-4fbc-ad0a-d30f1db04eb7)
[2025-07-21 15:24:52] [INFO] [logger.go:190] Torrent added, waiting for info...
[2025-07-21 15:24:55] [INFO] [logger.go:190] Got torrent info: How To Train Your Dragon (2025) [720p] [WEBRip] [YTS.MX]
[2025-07-21 15:24:55] [INFO] [logger.go:190] Found video file: How To Train Your Dragon (2025) [720p] [WEBRip] [YTS.MX]/How.To.Train.Your.Dragon.2025.720p.WEBRip.x264.AAC-[YTS.MX].mp4 (1160.41 MB)
[2025-07-21 15:24:55] [INFO] [logger.go:190] Stream ready for: How To Train Your Dragon (2025) [720p] [WEBRip] [YTS.MX] (5 subtitles found)
[2025-07-21 15:56:24] [INFO] [logger.go:190] Starting stream for magnet: magnet:?xt=urn:btih:c30d11150eab0bb6eba1c7f84425dc... (Session: 40788dbc-6bf8-4fbc-ad0a-d30f1db04eb7)
[2025-07-21 15:56:24] [INFO] [logger.go:190] Torrent added, waiting for info...
[2025-07-21 15:56:27] [INFO] [logger.go:190] Got torrent info: How To Train Your Dragon (2025) [720p] [WEBRip] [YTS.MX]
[2025-07-21 15:56:27] [INFO] [logger.go:190] Found video file: How To Train Your Dragon (2025) [720p] [WEBRip] [YTS.MX]/How.To.Train.Your.Dragon.2025.720p.WEBRip.x264.AAC-[YTS.MX].mp4 (1160.41 MB)
[2025-07-21 15:56:27] [INFO] [logger.go:190] Stream ready for: How To Train Your Dragon (2025) [720p] [WEBRip] [YTS.MX] (5 subtitles found)
[2025-07-21 15:56:56] [INFO] [logger.go:190] Starting stream for magnet: magnet:?xt=urn:btih:c30d11150eab0bb6eba1c7f84425dc... (Session: 40788dbc-6bf8-4fbc-ad0a-d30f1db04eb7)
[2025-07-21 15:56:56] [INFO] [logger.go:190] Torrent added, waiting for info...
[2025-07-21 15:57:00] [INFO] [logger.go:190] Got torrent info: How To Train Your Dragon (2025) [720p] [WEBRip] [YTS.MX]
[2025-07-21 15:57:00] [INFO] [logger.go:190] Found video file: How To Train Your Dragon (2025) [720p] [WEBRip] [YTS.MX]/How.To.Train.Your.Dragon.2025.720p.WEBRip.x264.AAC-[YTS.MX].mp4 (1160.41 MB)
[2025-07-21 15:57:00] [INFO] [logger.go:190] Stream ready for: How To Train Your Dragon (2025) [720p] [WEBRip] [YTS.MX] (5 subtitles found)
[2025-07-21 16:00:45] [INFO] [logger.go:190] Starting stream for magnet: magnet:?xt=urn:btih:c30d11150eab0bb6eba1c7f84425dc... (Session: 40788dbc-6bf8-4fbc-ad0a-d30f1db04eb7)
[2025-07-21 16:00:45] [INFO] [logger.go:190] Torrent added, waiting for info...
[2025-07-21 16:00:48] [INFO] [logger.go:190] Got torrent info: How To Train Your Dragon (2025) [720p] [WEBRip] [YTS.MX]
[2025-07-21 16:00:48] [INFO] [logger.go:190] Found video file: How To Train Your Dragon (2025) [720p] [WEBRip] [YTS.MX]/How.To.Train.Your.Dragon.2025.720p.WEBRip.x264.AAC-[YTS.MX].mp4 (1160.41 MB)
[2025-07-21 16:00:48] [INFO] [logger.go:190] Stream ready for: How To Train Your Dragon (2025) [720p] [WEBRip] [YTS.MX] (5 subtitles found)
[2025-07-21 16:00:52] [INFO] [logger.go:190] Dropped torrent for session reset: 40788dbc-6bf8-4fbc-ad0a-d30f1db04eb7
[2025-07-21 16:00:52] [INFO] [logger.go:190] Session reset: 40788dbc-6bf8-4fbc-ad0a-d30f1db04eb7
[2025-07-21 16:01:31] [INFO] [logger.go:190] Starting stream for magnet: magnet:?xt=urn:btih:c30d11150eab0bb6eba1c7f84425dc... (Session: 41605a16-9e02-44aa-adcc-e42cca8097bd)
[2025-07-21 16:01:31] [INFO] [logger.go:190] Torrent added, waiting for info...
[2025-07-21 16:01:33] [INFO] [logger.go:190] Got torrent info: How To Train Your Dragon (2025) [720p] [WEBRip] [YTS.MX]
[2025-07-21 16:01:33] [INFO] [logger.go:190] Found video file: How To Train Your Dragon (2025) [720p] [WEBRip] [YTS.MX]/How.To.Train.Your.Dragon.2025.720p.WEBRip.x264.AAC-[YTS.MX].mp4 (1160.41 MB)
[2025-07-21 16:01:33] [INFO] [logger.go:190] Stream ready for: How To Train Your Dragon (2025) [720p] [WEBRip] [YTS.MX] (5 subtitles found)
[2025-07-21 16:01:37] [INFO] [logger.go:190] Starting stream for magnet: magnet:?xt=urn:btih:c30d11150eab0bb6eba1c7f84425dc... (Session: 41605a16-9e02-44aa-adcc-e42cca8097bd)
[2025-07-21 16:01:37] [INFO] [logger.go:190] Torrent added, waiting for info...
[2025-07-21 16:01:43] [INFO] [logger.go:190] Got torrent info: How To Train Your Dragon (2025) [720p] [WEBRip] [YTS.MX]
[2025-07-21 16:01:43] [INFO] [logger.go:190] Found video file: How To Train Your Dragon (2025) [720p] [WEBRip] [YTS.MX]/How.To.Train.Your.Dragon.2025.720p.WEBRip.x264.AAC-[YTS.MX].mp4 (1160.41 MB)
[2025-07-21 16:01:43] [INFO] [logger.go:190] Stream ready for: How To Train Your Dragon (2025) [720p] [WEBRip] [YTS.MX] (5 subtitles found)
[2025-07-21 16:01:43] [INFO] [logger.go:190] Starting stream for magnet: magnet:?xt=urn:btih:c30d11150eab0bb6eba1c7f84425dc... (Session: 41605a16-9e02-44aa-adcc-e42cca8097bd)
[2025-07-21 16:01:43] [INFO] [logger.go:190] Torrent added, waiting for info...
[2025-07-21 16:01:45] [INFO] [logger.go:190] Got torrent info: How To Train Your Dragon (2025) [720p] [WEBRip] [YTS.MX]
[2025-07-21 16:01:45] [INFO] [logger.go:190] Found video file: How To Train Your Dragon (2025) [720p] [WEBRip] [YTS.MX]/How.To.Train.Your.Dragon.2025.720p.WEBRip.x264.AAC-[YTS.MX].mp4 (1160.41 MB)
[2025-07-21 16:01:45] [INFO] [logger.go:190] Stream ready for: How To Train Your Dragon (2025) [720p] [WEBRip] [YTS.MX] (5 subtitles found)
[2025-07-21 16:01:56] [INFO] [logger.go:190] Starting stream for magnet: magnet:?xt=urn:btih:c30d11150eab0bb6eba1c7f84425dc... (Session: 41605a16-9e02-44aa-adcc-e42cca8097bd)
[2025-07-21 16:01:56] [INFO] [logger.go:190] Torrent added, waiting for info...
[2025-07-21 16:02:00] [INFO] [logger.go:190] Got torrent info: How To Train Your Dragon (2025) [720p] [WEBRip] [YTS.MX]
[2025-07-21 16:02:00] [INFO] [logger.go:190] Found video file: How To Train Your Dragon (2025) [720p] [WEBRip] [YTS.MX]/How.To.Train.Your.Dragon.2025.720p.WEBRip.x264.AAC-[YTS.MX].mp4 (1160.41 MB)
[2025-07-21 16:02:00] [INFO] [logger.go:190] Stream ready for: How To Train Your Dragon (2025) [720p] [WEBRip] [YTS.MX] (5 subtitles found)
[2025-07-21 16:02:45] [INFO] [logger.go:190] Starting stream for magnet: magnet:?xt=urn:btih:c30d11150eab0bb6eba1c7f84425dc... (Session: 41605a16-9e02-44aa-adcc-e42cca8097bd)
[2025-07-21 16:02:45] [INFO] [logger.go:190] Torrent added, waiting for info...
[2025-07-21 16:02:48] [INFO] [logger.go:190] Got torrent info: How To Train Your Dragon (2025) [720p] [WEBRip] [YTS.MX]
[2025-07-21 16:02:48] [INFO] [logger.go:190] Found video file: How To Train Your Dragon (2025) [720p] [WEBRip] [YTS.MX]/How.To.Train.Your.Dragon.2025.720p.WEBRip.x264.AAC-[YTS.MX].mp4 (1160.41 MB)
[2025-07-21 16:02:48] [INFO] [logger.go:190] Stream ready for: How To Train Your Dragon (2025) [720p] [WEBRip] [YTS.MX] (5 subtitles found)
[2025-07-21 16:03:05] [INFO] [logger.go:190] Dropped torrent for session reset: 41605a16-9e02-44aa-adcc-e42cca8097bd
[2025-07-21 16:03:05] [INFO] [logger.go:190] Session reset: 41605a16-9e02-44aa-adcc-e42cca8097bd
[2025-07-21 16:03:12] [INFO] [logger.go:190] Starting stream for magnet: magnet:?xt=urn:btih:C30D11150EAB0BB6EBA1C7F84425DC... (Session: 7b624042-9522-4fb9-b376-cb6b322ec755)
[2025-07-21 16:03:12] [INFO] [logger.go:190] Torrent added, waiting for info...
[2025-07-21 16:03:17] [INFO] [logger.go:190] Got torrent info: How To Train Your Dragon (2025) [720p] [WEBRip] [YTS.MX]
[2025-07-21 16:03:17] [INFO] [logger.go:190] Found video file: How To Train Your Dragon (2025) [720p] [WEBRip] [YTS.MX]/How.To.Train.Your.Dragon.2025.720p.WEBRip.x264.AAC-[YTS.MX].mp4 (1160.41 MB)
[2025-07-21 16:03:17] [INFO] [logger.go:190] Stream ready for: How To Train Your Dragon (2025) [720p] [WEBRip] [YTS.MX] (5 subtitles found)
[2025-07-21 16:05:15] [INFO] [logger.go:190] Starting stream for magnet: magnet:?xt=urn:btih:c30d11150eab0bb6eba1c7f84425dc... (Session: 7b624042-9522-4fb9-b376-cb6b322ec755)
[2025-07-21 16:05:15] [INFO] [logger.go:190] Torrent added, waiting for info...
[2025-07-21 16:05:20] [INFO] [logger.go:190] Got torrent info: How To Train Your Dragon (2025) [720p] [WEBRip] [YTS.MX]
[2025-07-21 16:05:20] [INFO] [logger.go:190] Found video file: How To Train Your Dragon (2025) [720p] [WEBRip] [YTS.MX]/How.To.Train.Your.Dragon.2025.720p.WEBRip.x264.AAC-[YTS.MX].mp4 (1160.41 MB)
[2025-07-21 16:05:20] [INFO] [logger.go:190] Stream ready for: How To Train Your Dragon (2025) [720p] [WEBRip] [YTS.MX] (5 subtitles found)
[2025-07-21 16:07:57] [INFO] [logger.go:190] Starting stream for magnet: magnet:?xt=urn:btih:c30d11150eab0bb6eba1c7f84425dc... (Session: 7b624042-9522-4fb9-b376-cb6b322ec755)
[2025-07-21 16:07:57] [INFO] [logger.go:190] Torrent added, waiting for info...
[2025-07-21 16:08:02] [INFO] [logger.go:190] Got torrent info: How To Train Your Dragon (2025) [720p] [WEBRip] [YTS.MX]
[2025-07-21 16:08:02] [INFO] [logger.go:190] Found video file: How To Train Your Dragon (2025) [720p] [WEBRip] [YTS.MX]/How.To.Train.Your.Dragon.2025.720p.WEBRip.x264.AAC-[YTS.MX].mp4 (1160.41 MB)
[2025-07-21 16:08:02] [INFO] [logger.go:190] Stream ready for: How To Train Your Dragon (2025) [720p] [WEBRip] [YTS.MX] (5 subtitles found)
[2025-07-21 16:08:06] [INFO] [logger.go:190] Dropped torrent for session reset: 7b624042-9522-4fb9-b376-cb6b322ec755
[2025-07-21 16:08:06] [INFO] [logger.go:190] Session reset: 7b624042-9522-4fb9-b376-cb6b322ec755
[2025-07-21 16:11:22] [INFO] [logger.go:190] Starting stream for magnet: magnet:?xt=urn:btih:C30D11150EAB0BB6EBA1C7F84425DC... (Session: e0f7dd3c-2208-4d2c-8e7f-64a8e6bca5a2)
[2025-07-21 16:11:22] [INFO] [logger.go:190] Torrent added, waiting for info...
[2025-07-21 16:11:26] [INFO] [logger.go:190] Got torrent info: How To Train Your Dragon (2025) [720p] [WEBRip] [YTS.MX]
[2025-07-21 16:11:26] [INFO] [logger.go:190] Found video file: How To Train Your Dragon (2025) [720p] [WEBRip] [YTS.MX]/How.To.Train.Your.Dragon.2025.720p.WEBRip.x264.AAC-[YTS.MX].mp4 (1160.41 MB)
[2025-07-21 16:11:26] [INFO] [logger.go:190] Stream ready for: How To Train Your Dragon (2025) [720p] [WEBRip] [YTS.MX] (5 subtitles found)
